{"/Users/Matt/Desktop/backend/src/controllers/rootController.ts": {"path":"/Users/Matt/Desktop/backend/src/controllers/rootController.ts","statementMap":{"0":{"start":{"line":4,"column":4},"end":{"line":4,"column":27}},"1":{"start":{"line":3,"column":0},"end":{"line":3,"column":16}}},"fnMap":{"0":{"name":"rootGetController","decl":{"start":{"line":3,"column":16},"end":{"line":3,"column":33}},"loc":{"start":{"line":3,"column":61},"end":{"line":5,"column":1}}}},"branchMap":{},"s":{"0":1,"1":1},"f":{"0":1},"b":{}}
}
